[32345][1667999687434][main][info]["Booting Postman 9.31.0, linux-5.15.0-52-generic on x64"]
[32345][1667999687442][main][info]["EventBus~initialize - Success"]
[32345][1667999687448][main][info]["Proxy configuration has not been setup"]
[32345][1667999687450][main][info]["CloudProxyManager~init - Success"]
[32345][1667999687469][main][info]["UpdateHandler~init - Success"]
[32345][1667999687473][main][info]["LeaderSelection: Initialized successfully"]
[32345][1667999687475][main][info]["VersionDependencyService: Initialized successfully"]
[32345][1667999687492][main][info]["LinuxAutoUpdater~Cleanup - Initial cleanup successful"]
[32345][1667999687495][main][info]["Generated root certificate for linux"]
[32345][1667999687547][main][info]["GPU detected VID 0 DID 0 ACTIVE false"]
[32345][1667999697673][main][info]["RuntimeIPCAgent~started: Success"]
[32345][1667999705338][main][info]["windowManager: First requester booted successfully."]
[32345][1667999705339][main][info]["windowManager~restoreWindows: Restoring requester windows"]
[32345][1667999705340][main][info]["Main~AppEvents - Received booted event for process requester.Version undefined UI Version: undefined Desktop Platform Version: 9.31.0"]
[36751][1669216649547][main][info]["Booting Postman 9.31.0, linux-5.15.0-52-generic on x64"]
[36751][1669216649555][main][info]["EventBus~initialize - Success"]
[36751][1669216649559][main][info]["Proxy configuration has not been setup"]
[36751][1669216649561][main][info]["CloudProxyManager~init - Success"]
[36751][1669216649577][main][info]["UpdateHandler~init - Success"]
[36751][1669216649582][main][info]["LeaderSelection: Initialized successfully"]
[36751][1669216649584][main][info]["VersionDependencyService: Initialized successfully"]
[36751][1669216649606][main][info]["LinuxAutoUpdater~Cleanup - Initial cleanup successful"]
[36751][1669216649643][main][info]["GPU detected VID 0 DID 0 ACTIVE false"]
[36751][1669216666496][main][info]["RuntimeIPCAgent~started: Success"]
[36751][1669216673776][main][info]["windowManager: First requester booted successfully."]
[36751][1669216673777][main][info]["windowManager~restoreWindows: Restoring requester windows"]
[36751][1669216673778][main][info]["Main~AppEvents - Received booted event for process requester.Version undefined UI Version: undefined Desktop Platform Version: 9.31.0"]
[8547][1669802033598][main][info]["Booting Postman 9.31.0, linux-5.15.0-52-generic on x64"]
[8547][1669802033602][main][info]["EventBus~initialize - Success"]
[8547][1669802033609][main][info]["Proxy configuration has not been setup"]
[8547][1669802033611][main][info]["CloudProxyManager~init - Success"]
[8547][1669802033628][main][info]["UpdateHandler~init - Success"]
[8547][1669802033631][main][info]["LeaderSelection: Initialized successfully"]
[8547][1669802033633][main][info]["VersionDependencyService: Initialized successfully"]
[8547][1669802033657][main][info]["LinuxAutoUpdater~Cleanup - Initial cleanup successful"]
[8547][1669802033685][main][info]["GPU detected VID 0 DID 0 ACTIVE false"]
[8838][1669802033844][main][info]["Booting Postman 9.31.0, linux-5.15.0-52-generic on x64"]
[8838][1669802033850][main][info]["EventBus~initialize - Success"]
[8838][1669802033854][main][info]["Proxy configuration has not been setup"]
[8838][1669802033855][main][info]["CloudProxyManager~init - Success"]
[8838][1669802033874][main][info]["UpdateHandler~init - Success"]
[8838][1669802033878][main][info]["LeaderSelection: Initialized successfully"]
[8838][1669802033880][main][info]["VersionDependencyService: Initialized successfully"]
[8838][1669802033900][main][info]["LinuxAutoUpdater~Cleanup - Initial cleanup successful"]
[8838][1669802033928][main][info]["GPU detected VID 0 DID 0 ACTIVE false"]
[8838][1669802047867][main][info]["RuntimeIPCAgent~started: Success"]
[8547][1669802047872][main][info]["RuntimeIPCAgent~started: Success"]
[8838][1669802058231][main][info]["windowManager: First requester booted successfully."]
[8838][1669802058233][main][info]["windowManager~restoreWindows: Restoring requester windows"]
[8838][1669802058234][main][info]["Main~AppEvents - Received booted event for process requester.Version undefined UI Version: undefined Desktop Platform Version: 9.31.0"]
[8547][1669802058979][main][info]["windowManager: First requester booted successfully."]
[8547][1669802058982][main][info]["windowManager~restoreWindows: Restoring requester windows"]
[8547][1669802058983][main][info]["Main~AppEvents - Received booted event for process requester.Version undefined UI Version: undefined Desktop Platform Version: 9.31.0"]
[8547][1669802072062][main][info]["WindowManager~closeHandler - Closed Window (id: 1 )"]
[8547][1669802072078][main][info]["Quitting app"]
[8382][1670336247952][main][info]["Booting Postman 9.31.0, linux-5.15.0-52-generic on x64"]
[8382][1670336247959][main][info]["EventBus~initialize - Success"]
[8382][1670336247963][main][info]["Proxy configuration has not been setup"]
[8382][1670336247965][main][info]["CloudProxyManager~init - Success"]
[8382][1670336247983][main][info]["UpdateHandler~init - Success"]
[8382][1670336247989][main][info]["LeaderSelection: Initialized successfully"]
[8382][1670336247992][main][info]["VersionDependencyService: Initialized successfully"]
[8382][1670336248013][main][info]["LinuxAutoUpdater~Cleanup - Initial cleanup successful"]
[8382][1670336248055][main][info]["GPU detected VID 0 DID 0 ACTIVE false"]
[8382][1670336259699][main][info]["RuntimeIPCAgent~started: Success"]
[8382][1670336267030][main][info]["windowManager: First requester booted successfully."]
[8382][1670336267032][main][info]["windowManager~restoreWindows: Restoring requester windows"]
[8382][1670336267033][main][info]["Main~AppEvents - Received booted event for process requester.Version undefined UI Version: undefined Desktop Platform Version: 9.31.0"]
[4643][1670491330376][main][info]["Booting Postman 9.31.0, linux-5.15.0-52-generic on x64"]
[4643][1670491330383][main][info]["EventBus~initialize - Success"]
[4643][1670491330877][main][info]["Proxy configuration has not been setup"]
[4643][1670491330878][main][info]["CloudProxyManager~init - Success"]
[4643][1670491330896][main][info]["UpdateHandler~init - Success"]
[4643][1670491331120][main][info]["LeaderSelection: Initialized successfully"]
[4643][1670491331122][main][info]["VersionDependencyService: Initialized successfully"]
[4643][1670491331164][main][info]["LinuxAutoUpdater~Cleanup - Initial cleanup successful"]
[4643][1670491331210][main][info]["GPU detected VID 0 DID 0 ACTIVE false"]
[4643][1670491344673][main][info]["RuntimeIPCAgent~started: Success"]
[4643][1670491353685][main][info]["windowManager: First requester booted successfully."]
[4643][1670491353687][main][info]["windowManager~restoreWindows: Restoring requester windows"]
[4643][1670491353688][main][info]["Main~AppEvents - Received booted event for process requester.Version undefined UI Version: undefined Desktop Platform Version: 9.31.0"]
[28892][1671041736574][main][info]["Booting Postman 9.31.0, linux-5.15.0-52-generic on x64"]
[28892][1671041736578][main][info]["EventBus~initialize - Success"]
[28892][1671041736582][main][info]["Proxy configuration has not been setup"]
[28892][1671041736583][main][info]["CloudProxyManager~init - Success"]
[28892][1671041736597][main][info]["UpdateHandler~init - Success"]
[28892][1671041736600][main][info]["LeaderSelection: Initialized successfully"]
[28892][1671041736601][main][info]["VersionDependencyService: Initialized successfully"]
[28892][1671041736630][main][info]["LinuxAutoUpdater~Cleanup - Initial cleanup successful"]
[28892][1671041736637][main][info]["GPU detected VID 0 DID 0 ACTIVE false"]
[28892][1671041745577][main][info]["RuntimeIPCAgent~started: Success"]
[28892][1671041750927][main][info]["windowManager: First requester booted successfully."]
[28892][1671041750928][main][info]["windowManager~restoreWindows: Restoring requester windows"]
[28892][1671041750929][main][info]["Main~AppEvents - Received booted event for process requester.Version undefined UI Version: undefined Desktop Platform Version: 9.31.0"]
[6516][1671089078697][main][info]["Booting Postman 9.31.0, linux-5.15.0-56-generic on x64"]
[6516][1671089078705][main][info]["EventBus~initialize - Success"]
[6516][1671089078710][main][info]["Proxy configuration has not been setup"]
[6516][1671089078711][main][info]["CloudProxyManager~init - Success"]
[6516][1671089078734][main][info]["UpdateHandler~init - Success"]
[6516][1671089078737][main][info]["LeaderSelection: Initialized successfully"]
[6516][1671089078738][main][info]["VersionDependencyService: Initialized successfully"]
[6516][1671089078772][main][info]["LinuxAutoUpdater~Cleanup - Initial cleanup successful"]
[6516][1671089078783][main][info]["GPU detected VID 0 DID 0 ACTIVE false"]
[6516][1671089090625][main][info]["RuntimeIPCAgent~started: Success"]
[6516][1671089096510][main][info]["windowManager: First requester booted successfully."]
[6516][1671089096512][main][info]["windowManager~restoreWindows: Restoring requester windows"]
[6516][1671089096512][main][info]["Main~AppEvents - Received booted event for process requester.Version undefined UI Version: undefined Desktop Platform Version: 9.31.0"]
[6516][1671301793833][main][info]["WindowManager~closeHandler - Closed Window (id: 1 )"]
[6516][1671301799200][main][info]["Quitting app"]
[11927][1671463098367][main][info]["Booting Postman 9.31.0, linux-5.15.0-56-generic on x64"]
[11927][1671463098372][main][info]["EventBus~initialize - Success"]
[11927][1671463098377][main][info]["Proxy configuration has not been setup"]
[11927][1671463098378][main][info]["CloudProxyManager~init - Success"]
[11927][1671463098401][main][info]["UpdateHandler~init - Success"]
[11927][1671463098405][main][info]["LeaderSelection: Initialized successfully"]
[11927][1671463098408][main][info]["VersionDependencyService: Initialized successfully"]
[11927][1671463098450][main][info]["LinuxAutoUpdater~Cleanup - Initial cleanup successful"]
[11927][1671463098454][main][info]["GPU detected VID 0 DID 0 ACTIVE false"]
[11927][1671463108321][main][info]["RuntimeIPCAgent~started: Success"]
[11927][1671463116580][main][info]["windowManager: First requester booted successfully."]
[11927][1671463116585][main][info]["windowManager~restoreWindows: Restoring requester windows"]
[11927][1671463116586][main][info]["Main~AppEvents - Received booted event for process requester.Version undefined UI Version: undefined Desktop Platform Version: 9.31.0"]
[11927][1671617117419][main][info]["Quitting app"]
[7764][1671649493298][main][info]["Booting Postman 9.31.0, linux-5.15.0-56-generic on x64"]
[7764][1671649493306][main][info]["EventBus~initialize - Success"]
[7764][1671649493310][main][info]["Proxy configuration has not been setup"]
[7764][1671649493312][main][info]["CloudProxyManager~init - Success"]
[7764][1671649493335][main][info]["UpdateHandler~init - Success"]
[7764][1671649493342][main][info]["LeaderSelection: Initialized successfully"]
[7764][1671649493344][main][info]["VersionDependencyService: Initialized successfully"]
[7764][1671649493369][main][info]["LinuxAutoUpdater~Cleanup - Initial cleanup successful"]
[7764][1671649493400][main][info]["GPU detected VID 0 DID 0 ACTIVE false"]
[7764][1671649502864][main][info]["RuntimeIPCAgent~started: Success"]
[7764][1671649509859][main][info]["windowManager: First requester booted successfully."]
[7764][1671649509860][main][info]["windowManager~restoreWindows: Restoring requester windows"]
[7764][1671649509861][main][info]["Main~AppEvents - Received booted event for process requester.Version undefined UI Version: undefined Desktop Platform Version: 9.31.0"]
[7764][1671706861907][main][info]["Quitting app"]
[12163][1671734561683][main][info]["Booting Postman 9.31.0, linux-5.15.0-56-generic on x64"]
[12163][1671734561688][main][info]["EventBus~initialize - Success"]
[12163][1671734562181][main][info]["Proxy configuration has not been setup"]
[12163][1671734562184][main][info]["CloudProxyManager~init - Success"]
[12163][1671734562204][main][info]["UpdateHandler~init - Success"]
[12163][1671734563079][main][info]["LeaderSelection: Initialized successfully"]
[12163][1671734563082][main][info]["VersionDependencyService: Initialized successfully"]
[12163][1671734563112][main][info]["LinuxAutoUpdater~Cleanup - Initial cleanup successful"]
[12163][1671734563146][main][info]["GPU detected VID 0 DID 0 ACTIVE false"]
[12163][1671734575134][main][info]["RuntimeIPCAgent~started: Success"]
[12163][1671734582061][main][info]["windowManager: First requester booted successfully."]
[12163][1671734582062][main][info]["windowManager~restoreWindows: Restoring requester windows"]
[12163][1671734582063][main][info]["Main~AppEvents - Received booted event for process requester.Version undefined UI Version: undefined Desktop Platform Version: 9.31.0"]
