[32345][1667999696313][shell][info]["EventBus~initialize - Success"]
[32345][1667999696351][shell][info]["bootShellCrashReporter~ Success"]
[32345][1667999697679][shell][info]["shellController~init: Success"]
[32345][1667999697681][shell][info]["shellMeta~init: Success"]
[32345][1667999697682][shell][info]["partitionMigrationService: State of V7 partition:"]
[32345][1667999697683][shell][info]["partitionMigrationService: V7 partitions",[]]
[32345][1667999697683][shell][info]["partitionMigrationService: V7 lastActiveUser",null]
[32345][1667999697684][shell][info]["partitionMigrationService: V7 activePartition",null]
[32345][1667999697685][shell][info]["partitionMigrationService: V7 isPartitionDirty",null]
[32345][1667999697686][shell][info]["partitionMigrationService~rectifyNamespaceOfScratchPadPartition: There is no partition with scratchpad namespace"]
[32345][1667999697687][shell][info]["partitionMigrationService~rectifyNamespaceOfScratchPadPartition: There is no transit partition which could have been used for scratchpad"]
[32345][1667999697687][shell][info]["partitionMigrationService~init: Success"]
[32345][1667999697688][shell][info]["partitionMigrationService~runV8PartitionsIntegrity: Two way migration~ removing the following partitions from v8",[]]
[32345][1667999697689][shell][info]["userPartitionService~_rectifyTheActivePartitionOfApplication: Setting the active partition to ",null]
[32345][1667999697691][shell][info]["userPartitionService~init: Success"]
[32345][1667999697692][shell][info]["userPartitionService: State of v8 partition system:"]
[32345][1667999697692][shell][info]["userPartitionService: List of partitions:",[]]
[32345][1667999697693][shell][info]["userPartitionService: users global meta:",{"activePartition":null}]
[32345][1667999697694][shell][info]["shell~init~getPartitionToLoad: loading scratchpad partition"]
[32345][1667999697700][shell][info]["init~setViewAttributes - Initializing view with opts:"]
[32345][1667999697703][shell][info]["verifyPartitionIdWithMain: Verifying partition ID from main process"]
[32345][1667999697704][shell][info]["Shell~init~setViewAttributes: passing scratchpad partition id as ","2df0f1ed-f208-42ab-83bd-6eac2d426151"]
[32345][1667999697705][shell][info]["Shell~init~setViewAttributes: do we have any logged in users? ",false]
[32345][1667999697713][shell][info]["init~setViewAttributes - Success"]
[32345][1667999697720][shell][info]["verifyPartitionIdWithMain: Bailing out as migration has not been done"]
[32345][1667999705338][shell][info]["Shell~init~sendUsersDataToRenderer",[]]
[36751][1669216665086][shell][info]["EventBus~initialize - Success"]
[36751][1669216665150][shell][info]["bootShellCrashReporter~ Success"]
[36751][1669216666502][shell][info]["shellController~init: Success"]
[36751][1669216666504][shell][info]["shellMeta~init: Success"]
[36751][1669216666505][shell][info]["partitionMigrationService: State of V7 partition:"]
[36751][1669216666506][shell][info]["partitionMigrationService: V7 partitions",[]]
[36751][1669216666506][shell][info]["partitionMigrationService: V7 lastActiveUser",null]
[36751][1669216666507][shell][info]["partitionMigrationService: V7 activePartition",null]
[36751][1669216666507][shell][info]["partitionMigrationService: V7 isPartitionDirty",null]
[36751][1669216666509][shell][info]["partitionMigrationService~init: Success"]
[36751][1669216666510][shell][info]["partitionMigrationService~runV8PartitionsIntegrity: Two way migration~ removing the following partitions from v8",[]]
[36751][1669216666511][shell][info]["userPartitionService~_rectifyTheActivePartitionOfApplication: Setting the active partition to ",null]
[36751][1669216666513][shell][info]["userPartitionService~init: Success"]
[36751][1669216666514][shell][info]["userPartitionService: State of v8 partition system:"]
[36751][1669216666515][shell][info]["userPartitionService: List of partitions:",[{"partitionId":"2df0f1ed-f208-42ab-83bd-6eac2d426151","namespace":"scratchPad","userId":0,"teamId":0,"isDirty":false}]]
[36751][1669216666515][shell][info]["userPartitionService: users global meta:",{"activePartition":null}]
[36751][1669216666516][shell][info]["shell~init~getPartitionToLoad: loading scratchpad partition"]
[36751][1669216666519][shell][info]["init~setViewAttributes - Initializing view with opts:"]
[36751][1669216666527][shell][info]["verifyPartitionIdWithMain: Verifying partition ID from main process"]
[36751][1669216666528][shell][info]["Shell~init~setViewAttributes: passing scratchpad partition id as ","2df0f1ed-f208-42ab-83bd-6eac2d426151"]
[36751][1669216666528][shell][info]["Shell~init~setViewAttributes: do we have any logged in users? ",false]
[36751][1669216666541][shell][info]["init~setViewAttributes - Success"]
[36751][1669216666566][shell][info]["verifyPartitionIdWithMain: Bailing out as migration has not been done"]
[36751][1669216673777][shell][info]["Shell~init~sendUsersDataToRenderer",[]]
[8547][1669802046520][shell][info]["EventBus~initialize - Success"]
[8838][1669802046520][shell][info]["EventBus~initialize - Success"]
[8838][1669802046569][shell][info]["bootShellCrashReporter~ Success"]
[8547][1669802046569][shell][info]["bootShellCrashReporter~ Success"]
[8838][1669802047872][shell][info]["shellController~init: Success"]
[8547][1669802047876][shell][info]["shellController~init: Success"]
[8838][1669802047878][shell][info]["shellMeta~init: Success"]
[8838][1669802047878][shell][info]["partitionMigrationService: State of V7 partition:"]
[8838][1669802047878][shell][info]["partitionMigrationService: V7 partitions",[]]
[8838][1669802047879][shell][info]["partitionMigrationService: V7 lastActiveUser",null]
[8838][1669802047879][shell][info]["partitionMigrationService: V7 activePartition",null]
[8838][1669802047879][shell][info]["partitionMigrationService: V7 isPartitionDirty",null]
[8838][1669802047880][shell][info]["partitionMigrationService~init: Success"]
[8838][1669802047881][shell][info]["partitionMigrationService~runV8PartitionsIntegrity: Two way migration~ removing the following partitions from v8",[]]
[8838][1669802047881][shell][info]["userPartitionService~_rectifyTheActivePartitionOfApplication: Setting the active partition to ",null]
[8838][1669802047883][shell][info]["userPartitionService~init: Success"]
[8838][1669802047883][shell][info]["userPartitionService: State of v8 partition system:"]
[8838][1669802047884][shell][info]["userPartitionService: List of partitions:",[{"partitionId":"2df0f1ed-f208-42ab-83bd-6eac2d426151","namespace":"scratchPad","userId":0,"teamId":0,"isDirty":false}]]
[8838][1669802047884][shell][info]["userPartitionService: users global meta:",{"activePartition":null}]
[8838][1669802047885][shell][info]["shell~init~getPartitionToLoad: loading scratchpad partition"]
[8838][1669802047887][shell][info]["init~setViewAttributes - Initializing view with opts:"]
[8838][1669802047889][shell][info]["verifyPartitionIdWithMain: Verifying partition ID from main process"]
[8838][1669802047913][shell][info]["Shell~init~setViewAttributes: passing scratchpad partition id as ","2df0f1ed-f208-42ab-83bd-6eac2d426151"]
[8838][1669802047913][shell][info]["Shell~init~setViewAttributes: do we have any logged in users? ",false]
[8838][1669802047918][shell][info]["init~setViewAttributes - Success"]
[8547][1669802047877][shell][info]["shellMeta~init: Success"]
[8547][1669802047877][shell][info]["partitionMigrationService: State of V7 partition:"]
[8547][1669802047878][shell][info]["partitionMigrationService: V7 partitions",[]]
[8547][1669802047878][shell][info]["partitionMigrationService: V7 lastActiveUser",null]
[8547][1669802047878][shell][info]["partitionMigrationService: V7 activePartition",null]
[8547][1669802047879][shell][info]["partitionMigrationService: V7 isPartitionDirty",null]
[8547][1669802047880][shell][info]["partitionMigrationService~rectifyNamespaceOfScratchPadPartition: There is no partition with scratchpad namespace"]
[8547][1669802047880][shell][info]["partitionMigrationService~rectifyNamespaceOfScratchPadPartition: There is no transit partition which could have been used for scratchpad"]
[8547][1669802047880][shell][info]["partitionMigrationService~init: Success"]
[8547][1669802047894][shell][info]["partitionMigrationService~runV8PartitionsIntegrity: Two way migration~ removing the following partitions from v8",[]]
[8547][1669802047899][shell][info]["userPartitionService~_rectifyTheActivePartitionOfApplication: Setting the active partition to ",null]
[8547][1669802047900][shell][info]["userPartitionService~init: Success"]
[8547][1669802047901][shell][info]["userPartitionService: State of v8 partition system:"]
[8547][1669802047901][shell][info]["userPartitionService: List of partitions:",[]]
[8547][1669802047902][shell][info]["userPartitionService: users global meta:",{"activePartition":null}]
[8547][1669802047903][shell][info]["shell~init~getPartitionToLoad: loading scratchpad partition"]
[8547][1669802047919][shell][info]["init~setViewAttributes - Initializing view with opts:"]
[8547][1669802047921][shell][info]["verifyPartitionIdWithMain: Verifying partition ID from main process"]
[8547][1669802047922][shell][info]["Shell~init~setViewAttributes: passing scratchpad partition id as ","777dd832-e5a4-4b89-9255-ebec27c35104"]
[8547][1669802047922][shell][info]["Shell~init~setViewAttributes: do we have any logged in users? ",false]
[8547][1669802047924][shell][info]["init~setViewAttributes - Success"]
[8547][1669802047941][shell][info]["verifyPartitionIdWithMain: Bailing out as migration has not been done"]
[8838][1669802047956][shell][info]["verifyPartitionIdWithMain: Bailing out as migration has not been done"]
[8838][1669802058232][shell][info]["Shell~init~sendUsersDataToRenderer",[]]
[8547][1669802058956][shell][info]["Shell~init~sendUsersDataToRenderer",[]]
[8382][1670336258405][shell][info]["EventBus~initialize - Success"]
[8382][1670336258449][shell][info]["bootShellCrashReporter~ Success"]
[8382][1670336259704][shell][info]["shellController~init: Success"]
[8382][1670336259705][shell][info]["shellMeta~init: Success"]
[8382][1670336259706][shell][info]["partitionMigrationService: State of V7 partition:"]
[8382][1670336259707][shell][info]["partitionMigrationService: V7 partitions",[]]
[8382][1670336259708][shell][info]["partitionMigrationService: V7 lastActiveUser",null]
[8382][1670336259708][shell][info]["partitionMigrationService: V7 activePartition",null]
[8382][1670336259709][shell][info]["partitionMigrationService: V7 isPartitionDirty",null]
[8382][1670336259710][shell][info]["partitionMigrationService~init: Success"]
[8382][1670336259711][shell][info]["partitionMigrationService~runV8PartitionsIntegrity: Two way migration~ removing the following partitions from v8",[]]
[8382][1670336259712][shell][info]["userPartitionService~_rectifyTheActivePartitionOfApplication: Setting the active partition to ",null]
[8382][1670336259729][shell][info]["userPartitionService~init: Success"]
[8382][1670336259730][shell][info]["userPartitionService: State of v8 partition system:"]
[8382][1670336259731][shell][info]["userPartitionService: List of partitions:",[{"partitionId":"2df0f1ed-f208-42ab-83bd-6eac2d426151","namespace":"scratchPad","userId":0,"teamId":0,"isDirty":false}]]
[8382][1670336259731][shell][info]["userPartitionService: users global meta:",{"activePartition":null}]
[8382][1670336259732][shell][info]["shell~init~getPartitionToLoad: loading scratchpad partition"]
[8382][1670336259739][shell][info]["init~setViewAttributes - Initializing view with opts:"]
[8382][1670336259741][shell][info]["verifyPartitionIdWithMain: Verifying partition ID from main process"]
[8382][1670336259743][shell][info]["Shell~init~setViewAttributes: passing scratchpad partition id as ","2df0f1ed-f208-42ab-83bd-6eac2d426151"]
[8382][1670336259743][shell][info]["Shell~init~setViewAttributes: do we have any logged in users? ",false]
[8382][1670336259750][shell][info]["init~setViewAttributes - Success"]
[8382][1670336259756][shell][info]["verifyPartitionIdWithMain: Bailing out as migration has not been done"]
[8382][1670336267031][shell][info]["Shell~init~sendUsersDataToRenderer",[]]
[4643][1670491343179][shell][info]["EventBus~initialize - Success"]
[4643][1670491343231][shell][info]["bootShellCrashReporter~ Success"]
[4643][1670491344678][shell][info]["shellController~init: Success"]
[4643][1670491344679][shell][info]["shellMeta~init: Success"]
[4643][1670491344680][shell][info]["partitionMigrationService: State of V7 partition:"]
[4643][1670491344681][shell][info]["partitionMigrationService: V7 partitions",[]]
[4643][1670491344681][shell][info]["partitionMigrationService: V7 lastActiveUser",null]
[4643][1670491344682][shell][info]["partitionMigrationService: V7 activePartition",null]
[4643][1670491344682][shell][info]["partitionMigrationService: V7 isPartitionDirty",null]
[4643][1670491344683][shell][info]["partitionMigrationService~init: Success"]
[4643][1670491344684][shell][info]["partitionMigrationService~runV8PartitionsIntegrity: Two way migration~ removing the following partitions from v8",[]]
[4643][1670491344685][shell][info]["userPartitionService~_rectifyTheActivePartitionOfApplication: Setting the active partition to ",null]
[4643][1670491344686][shell][info]["userPartitionService~init: Success"]
[4643][1670491344687][shell][info]["userPartitionService: State of v8 partition system:"]
[4643][1670491344688][shell][info]["userPartitionService: List of partitions:",[{"partitionId":"2df0f1ed-f208-42ab-83bd-6eac2d426151","namespace":"scratchPad","userId":0,"teamId":0,"isDirty":false}]]
[4643][1670491344688][shell][info]["userPartitionService: users global meta:",{"activePartition":null}]
[4643][1670491344689][shell][info]["shell~init~getPartitionToLoad: loading scratchpad partition"]
[4643][1670491344691][shell][info]["init~setViewAttributes - Initializing view with opts:"]
[4643][1670491344693][shell][info]["verifyPartitionIdWithMain: Verifying partition ID from main process"]
[4643][1670491344699][shell][info]["Shell~init~setViewAttributes: passing scratchpad partition id as ","2df0f1ed-f208-42ab-83bd-6eac2d426151"]
[4643][1670491344699][shell][info]["Shell~init~setViewAttributes: do we have any logged in users? ",false]
[4643][1670491344706][shell][info]["init~setViewAttributes - Success"]
[4643][1670491344734][shell][info]["verifyPartitionIdWithMain: Bailing out as migration has not been done"]
[4643][1670491353686][shell][info]["Shell~init~sendUsersDataToRenderer",[]]
[28892][1671041744402][shell][info]["EventBus~initialize - Success"]
[28892][1671041744443][shell][info]["bootShellCrashReporter~ Success"]
[28892][1671041745582][shell][info]["shellController~init: Success"]
[28892][1671041745583][shell][info]["shellMeta~init: Success"]
[28892][1671041745584][shell][info]["partitionMigrationService: State of V7 partition:"]
[28892][1671041745584][shell][info]["partitionMigrationService: V7 partitions",[]]
[28892][1671041745585][shell][info]["partitionMigrationService: V7 lastActiveUser",null]
[28892][1671041745585][shell][info]["partitionMigrationService: V7 activePartition",null]
[28892][1671041745585][shell][info]["partitionMigrationService: V7 isPartitionDirty",null]
[28892][1671041745586][shell][info]["partitionMigrationService~init: Success"]
[28892][1671041745587][shell][info]["partitionMigrationService~runV8PartitionsIntegrity: Two way migration~ removing the following partitions from v8",[]]
[28892][1671041745588][shell][info]["userPartitionService~_rectifyTheActivePartitionOfApplication: Setting the active partition to ",null]
[28892][1671041745589][shell][info]["userPartitionService~init: Success"]
[28892][1671041745589][shell][info]["userPartitionService: State of v8 partition system:"]
[28892][1671041745590][shell][info]["userPartitionService: List of partitions:",[{"partitionId":"2df0f1ed-f208-42ab-83bd-6eac2d426151","namespace":"scratchPad","userId":0,"teamId":0,"isDirty":false}]]
[28892][1671041745590][shell][info]["userPartitionService: users global meta:",{"activePartition":null}]
[28892][1671041745591][shell][info]["shell~init~getPartitionToLoad: loading scratchpad partition"]
[28892][1671041745592][shell][info]["init~setViewAttributes - Initializing view with opts:"]
[28892][1671041745595][shell][info]["verifyPartitionIdWithMain: Verifying partition ID from main process"]
[28892][1671041745596][shell][info]["Shell~init~setViewAttributes: passing scratchpad partition id as ","2df0f1ed-f208-42ab-83bd-6eac2d426151"]
[28892][1671041745596][shell][info]["Shell~init~setViewAttributes: do we have any logged in users? ",false]
[28892][1671041745601][shell][info]["init~setViewAttributes - Success"]
[28892][1671041745612][shell][info]["verifyPartitionIdWithMain: Bailing out as migration has not been done"]
[28892][1671041750928][shell][info]["Shell~init~sendUsersDataToRenderer",[]]
[6516][1671089089216][shell][info]["EventBus~initialize - Success"]
[6516][1671089089261][shell][info]["bootShellCrashReporter~ Success"]
[6516][1671089090631][shell][info]["shellController~init: Success"]
[6516][1671089090633][shell][info]["shellMeta~init: Success"]
[6516][1671089090634][shell][info]["partitionMigrationService: State of V7 partition:"]
[6516][1671089090634][shell][info]["partitionMigrationService: V7 partitions",[]]
[6516][1671089090635][shell][info]["partitionMigrationService: V7 lastActiveUser",null]
[6516][1671089090635][shell][info]["partitionMigrationService: V7 activePartition",null]
[6516][1671089090636][shell][info]["partitionMigrationService: V7 isPartitionDirty",null]
[6516][1671089090638][shell][info]["partitionMigrationService~init: Success"]
[6516][1671089090639][shell][info]["partitionMigrationService~runV8PartitionsIntegrity: Two way migration~ removing the following partitions from v8",[]]
[6516][1671089090640][shell][info]["userPartitionService~_rectifyTheActivePartitionOfApplication: Setting the active partition to ",null]
[6516][1671089090641][shell][info]["userPartitionService~init: Success"]
[6516][1671089090642][shell][info]["userPartitionService: State of v8 partition system:"]
[6516][1671089090643][shell][info]["userPartitionService: List of partitions:",[{"partitionId":"2df0f1ed-f208-42ab-83bd-6eac2d426151","namespace":"scratchPad","userId":0,"teamId":0,"isDirty":false}]]
[6516][1671089090644][shell][info]["userPartitionService: users global meta:",{"activePartition":null}]
[6516][1671089090644][shell][info]["shell~init~getPartitionToLoad: loading scratchpad partition"]
[6516][1671089090647][shell][info]["init~setViewAttributes - Initializing view with opts:"]
[6516][1671089090649][shell][info]["verifyPartitionIdWithMain: Verifying partition ID from main process"]
[6516][1671089090655][shell][info]["Shell~init~setViewAttributes: passing scratchpad partition id as ","2df0f1ed-f208-42ab-83bd-6eac2d426151"]
[6516][1671089090655][shell][info]["Shell~init~setViewAttributes: do we have any logged in users? ",false]
[6516][1671089090668][shell][info]["init~setViewAttributes - Success"]
[6516][1671089090681][shell][info]["verifyPartitionIdWithMain: Bailing out as migration has not been done"]
[6516][1671089096511][shell][info]["Shell~init~sendUsersDataToRenderer",[]]
[11927][1671463107019][shell][info]["EventBus~initialize - Success"]
[11927][1671463107065][shell][info]["bootShellCrashReporter~ Success"]
[11927][1671463108327][shell][info]["shellController~init: Success"]
[11927][1671463108329][shell][info]["shellMeta~init: Success"]
[11927][1671463108329][shell][info]["partitionMigrationService: State of V7 partition:"]
[11927][1671463108330][shell][info]["partitionMigrationService: V7 partitions",[]]
[11927][1671463108330][shell][info]["partitionMigrationService: V7 lastActiveUser",null]
[11927][1671463108331][shell][info]["partitionMigrationService: V7 activePartition",null]
[11927][1671463108332][shell][info]["partitionMigrationService: V7 isPartitionDirty",null]
[11927][1671463108333][shell][info]["partitionMigrationService~init: Success"]
[11927][1671463108334][shell][info]["partitionMigrationService~runV8PartitionsIntegrity: Two way migration~ removing the following partitions from v8",[]]
[11927][1671463108335][shell][info]["userPartitionService~_rectifyTheActivePartitionOfApplication: Setting the active partition to ",null]
[11927][1671463108336][shell][info]["userPartitionService~init: Success"]
[11927][1671463108337][shell][info]["userPartitionService: State of v8 partition system:"]
[11927][1671463108337][shell][info]["userPartitionService: List of partitions:",[{"partitionId":"2df0f1ed-f208-42ab-83bd-6eac2d426151","namespace":"scratchPad","userId":0,"teamId":0,"isDirty":false}]]
[11927][1671463108338][shell][info]["userPartitionService: users global meta:",{"activePartition":null}]
[11927][1671463108338][shell][info]["shell~init~getPartitionToLoad: loading scratchpad partition"]
[11927][1671463108341][shell][info]["init~setViewAttributes - Initializing view with opts:"]
[11927][1671463108347][shell][info]["verifyPartitionIdWithMain: Verifying partition ID from main process"]
[11927][1671463108348][shell][info]["Shell~init~setViewAttributes: passing scratchpad partition id as ","2df0f1ed-f208-42ab-83bd-6eac2d426151"]
[11927][1671463108349][shell][info]["Shell~init~setViewAttributes: do we have any logged in users? ",false]
[11927][1671463108356][shell][info]["init~setViewAttributes - Success"]
[11927][1671463108394][shell][info]["verifyPartitionIdWithMain: Bailing out as migration has not been done"]
[11927][1671463116582][shell][info]["Shell~init~sendUsersDataToRenderer",[]]
[7764][1671649501554][shell][info]["EventBus~initialize - Success"]
[7764][1671649501605][shell][info]["bootShellCrashReporter~ Success"]
[7764][1671649502870][shell][info]["shellController~init: Success"]
[7764][1671649502871][shell][info]["shellMeta~init: Success"]
[7764][1671649502872][shell][info]["partitionMigrationService: State of V7 partition:"]
[7764][1671649502873][shell][info]["partitionMigrationService: V7 partitions",[]]
[7764][1671649502874][shell][info]["partitionMigrationService: V7 lastActiveUser",null]
[7764][1671649502874][shell][info]["partitionMigrationService: V7 activePartition",null]
[7764][1671649502875][shell][info]["partitionMigrationService: V7 isPartitionDirty",null]
[7764][1671649502876][shell][info]["partitionMigrationService~init: Success"]
[7764][1671649502877][shell][info]["partitionMigrationService~runV8PartitionsIntegrity: Two way migration~ removing the following partitions from v8",[]]
[7764][1671649502878][shell][info]["userPartitionService~_rectifyTheActivePartitionOfApplication: Setting the active partition to ",null]
[7764][1671649502880][shell][info]["userPartitionService~init: Success"]
[7764][1671649502881][shell][info]["userPartitionService: State of v8 partition system:"]
[7764][1671649502881][shell][info]["userPartitionService: List of partitions:",[{"partitionId":"2df0f1ed-f208-42ab-83bd-6eac2d426151","namespace":"scratchPad","userId":0,"teamId":0,"isDirty":false}]]
[7764][1671649502882][shell][info]["userPartitionService: users global meta:",{"activePartition":null}]
[7764][1671649502882][shell][info]["shell~init~getPartitionToLoad: loading scratchpad partition"]
[7764][1671649502885][shell][info]["init~setViewAttributes - Initializing view with opts:"]
[7764][1671649502888][shell][info]["verifyPartitionIdWithMain: Verifying partition ID from main process"]
[7764][1671649502890][shell][info]["Shell~init~setViewAttributes: passing scratchpad partition id as ","2df0f1ed-f208-42ab-83bd-6eac2d426151"]
[7764][1671649502891][shell][info]["Shell~init~setViewAttributes: do we have any logged in users? ",false]
[7764][1671649502899][shell][info]["init~setViewAttributes - Success"]
[7764][1671649502927][shell][info]["verifyPartitionIdWithMain: Bailing out as migration has not been done"]
[7764][1671649509859][shell][info]["Shell~init~sendUsersDataToRenderer",[]]
[12163][1671734573787][shell][info]["EventBus~initialize - Success"]
[12163][1671734573849][shell][info]["bootShellCrashReporter~ Success"]
[12163][1671734575140][shell][info]["shellController~init: Success"]
[12163][1671734575142][shell][info]["shellMeta~init: Success"]
[12163][1671734575143][shell][info]["partitionMigrationService: State of V7 partition:"]
[12163][1671734575144][shell][info]["partitionMigrationService: V7 partitions",[]]
[12163][1671734575145][shell][info]["partitionMigrationService: V7 lastActiveUser",null]
[12163][1671734575146][shell][info]["partitionMigrationService: V7 activePartition",null]
[12163][1671734575147][shell][info]["partitionMigrationService: V7 isPartitionDirty",null]
[12163][1671734575148][shell][info]["partitionMigrationService~init: Success"]
[12163][1671734575148][shell][info]["partitionMigrationService~runV8PartitionsIntegrity: Two way migration~ removing the following partitions from v8",[]]
[12163][1671734575150][shell][info]["userPartitionService~_rectifyTheActivePartitionOfApplication: Setting the active partition to ",null]
[12163][1671734575151][shell][info]["userPartitionService~init: Success"]
[12163][1671734575152][shell][info]["userPartitionService: State of v8 partition system:"]
[12163][1671734575153][shell][info]["userPartitionService: List of partitions:",[{"partitionId":"2df0f1ed-f208-42ab-83bd-6eac2d426151","namespace":"scratchPad","userId":0,"teamId":0,"isDirty":false}]]
[12163][1671734575153][shell][info]["userPartitionService: users global meta:",{"activePartition":null}]
[12163][1671734575154][shell][info]["shell~init~getPartitionToLoad: loading scratchpad partition"]
[12163][1671734575157][shell][info]["init~setViewAttributes - Initializing view with opts:"]
[12163][1671734575163][shell][info]["verifyPartitionIdWithMain: Verifying partition ID from main process"]
[12163][1671734575165][shell][info]["Shell~init~setViewAttributes: passing scratchpad partition id as ","2df0f1ed-f208-42ab-83bd-6eac2d426151"]
[12163][1671734575165][shell][info]["Shell~init~setViewAttributes: do we have any logged in users? ",false]
[12163][1671734575173][shell][info]["init~setViewAttributes - Success"]
[12163][1671734575201][shell][info]["verifyPartitionIdWithMain: Bailing out as migration has not been done"]
[12163][1671734582061][shell][info]["Shell~init~sendUsersDataToRenderer",[]]
